$ python concerto_scheduling_examples/centraluser_update.py 100

computing maximum schedule
0/198 behaviors scheduled
computing maximum schedule
200/200 behaviors scheduled
optimzing schedule
synthesis completed
total time: 1737.294 seconds
SMT solving time: 1654.670 seconds
number of call to SMT solver: 36
number of sat problems: 35
number of unsat problems: 1
avg solving time (sat): 47.252 seconds
avg solving time (unsat): 0.861 seconds
scheduled behaviors: 200
synchronization steps before optimization: 4
solution

pushB(u, suspend)
pushB(p6, update)
pushB(p21, update)
pushB(p85, update)
pushB(p16, update)
pushB(p22, update)
pushB(p80, update)
pushB(p17, update)
pushB(p32, update)
pushB(p42, update)
pushB(p55, update)
pushB(p43, update)
pushB(p86, update)
pushB(p97, update)
pushB(p7, update)
pushB(p23, update)
pushB(p33, update)
pushB(p0, update)
pushB(p18, update)
pushB(p54, update)
pushB(p5, update)
pushB(p1, update)
pushB(p44, update)
pushB(p87, update)
pushB(p95, update)
pushB(p8, update)
pushB(p77, update)
pushB(p48, update)
pushB(p24, update)
pushB(p49, update)
pushB(p19, update)
pushB(p26, update)
pushB(p2, update)
pushB(p45, update)
pushB(p88, update)
pushB(p4, update)
pushB(p75, update)
pushB(p9, update)
pushB(p31, update)
pushB(p57, update)
pushB(p20, update)
pushB(p3, update)
pushB(p46, update)
pushB(p89, update)
pushB(p34, update)
pushB(p10, update)
pushB(p35, update)
pushB(p30, update)
pushB(p25, update)
pushB(p36, update)
pushB(p94, update)
pushB(p52, update)
pushB(p53, update)
pushB(p93, update)
pushB(p58, update)
pushB(p63, update)
pushB(p90, update)
pushB(p69, update)
pushB(p47, update)
pushB(p64, update)
pushB(p78, update)
pushB(p37, update)
pushB(p11, update)
pushB(p56, update)
pushB(p91, update)
pushB(p59, update)
pushB(p82, update)
pushB(p12, update)
pushB(p38, update)
pushB(p65, update)
pushB(p76, update)
pushB(p72, update)
pushB(p81, update)
pushB(p60, update)
pushB(p92, update)
pushB(p96, update)
pushB(p13, update)
pushB(p29, update)
pushB(p39, update)
pushB(p66, update)
pushB(p61, update)
pushB(p74, update)
pushB(p14, update)
pushB(p40, update)
pushB(p83, update)
pushB(p98, update)
pushB(p67, update)
pushB(p62, update)
pushB(p51, update)
pushB(p79, update)
pushB(p15, update)
pushB(p28, update)
pushB(p71, update)
pushB(p41, update)
pushB(p84, update)
pushB(p68, update)
pushB(p70, update)
pushB(p27, update)
pushB(p73, update)
pushB(p50, update)
pushB(p21, install)
pushB(p49, install)
pushB(p16, install)
pushB(p52, install)
pushB(p42, install)
pushB(p85, install)
pushB(p5, install)
pushB(p6, install)
pushB(p35, install)
pushB(p22, install)
pushB(p32, install)
pushB(p48, install)
pushB(p17, install)
pushB(p95, install)
pushB(p0, install)
pushB(p43, install)
pushB(p86, install)
pushB(p7, install)
pushB(p80, install)
pushB(p4, install)
pushB(p23, install)
pushB(p26, install)
pushB(p18, install)
pushB(p31, install)
pushB(p44, install)
pushB(p1, install)
pushB(p25, install)
pushB(p87, install)
pushB(p8, install)
pushB(p57, install)
pushB(p24, install)
pushB(p19, install)
pushB(p55, install)
pushB(p94, install)
pushB(p2, install)
pushB(p45, install)
pushB(p53, install)
pushB(p54, install)
pushB(p88, install)
pushB(p9, install)
pushB(p77, install)
pushB(p34, install)
pushB(p20, install)
pushB(p47, install)
pushB(p3, install)
pushB(p30, install)
pushB(p46, install)
pushB(p89, install)
pushB(p33, install)
pushB(p10, install)
pushB(p75, install)
pushB(p93, install)
pushB(p36, install)
pushB(p63, install)
pushB(p58, install)
pushB(p90, install)
pushB(p72, install)
pushB(p51, install)
pushB(p81, install)
pushB(p11, install)
pushB(p37, install)
pushB(p69, install)
pushB(p64, install)
pushB(p76, install)
pushB(p29, install)
pushB(p59, install)
pushB(p91, install)
pushB(p12, install)
pushB(p78, install)
pushB(p98, install)
pushB(p38, install)
pushB(p65, install)
pushB(p96, install)
pushB(p74, install)
pushB(p60, install)
pushB(p92, install)
pushB(p50, install)
pushB(p13, install)
pushB(p39, install)
pushB(p82, install)
pushB(p71, install)
pushB(p66, install)
pushB(p97, install)
pushB(p28, install)
pushB(p61, install)
pushB(p14, install)
pushB(p40, install)
pushB(p83, install)
pushB(p67, install)
pushB(p79, install)
pushB(p56, install)
pushB(p73, install)
pushB(p62, install)
pushB(p15, install)
pushB(p27, install)
pushB(p70, install)
pushB(p41, install)
pushB(p84, install)
pushB(p68, install)
wait(p70)
wait(p29)
wait(p30)
wait(p31)
wait(p32)
wait(p33)
wait(p34)
wait(p35)
wait(p36)
wait(p37)
wait(p38)
wait(p39)
wait(p40)
wait(p41)
wait(p42)
wait(p43)
wait(p44)
wait(p45)
wait(p46)
wait(p47)
wait(p48)
wait(p49)
wait(p50)
wait(p51)
wait(p52)
wait(p53)
wait(p54)
wait(p55)
wait(p56)
wait(p57)
wait(p58)
wait(p59)
wait(p60)
wait(p61)
wait(p62)
wait(p63)
wait(p64)
wait(p65)
wait(p66)
wait(p67)
wait(p68)
wait(p69)
wait(p71)
wait(p72)
wait(p73)
wait(p74)
wait(p75)
wait(p76)
wait(p77)
wait(p78)
wait(p79)
wait(p80)
wait(p81)
wait(p0)
wait(p82)
wait(p83)
wait(p28)
wait(p84)
wait(p85)
wait(p1)
wait(p86)
wait(p2)
wait(p87)
wait(p3)
wait(p4)
wait(p88)
wait(p89)
wait(p5)
wait(p6)
wait(p90)
wait(p7)
wait(p91)
wait(p8)
wait(p92)
wait(p9)
wait(p93)
wait(p94)
wait(p10)
wait(p95)
wait(p11)
wait(p12)
wait(p96)
wait(p13)
wait(p97)
wait(p98)
wait(p14)
wait(p15)
wait(p16)
wait(p17)
wait(p18)
wait(p19)
wait(p20)
wait(p21)
wait(p22)
wait(p23)
wait(p24)
wait(p25)
wait(p26)
wait(p27)
pushB(u, deploy)
waitAll()

