$ python concerto_scheduling_examples/centralprovider_update.py 10

computing maximum schedule
0/2 behaviors scheduled
computing maximum schedule
20/20 behaviors scheduled
optimzing schedule
synthesis completed
total time: 1.797 seconds
SMT solving time: 0.413 seconds
number of call to SMT solver: 13
number of sat problems: 4
number of unsat problems: 9
avg solving time (sat): 0.090 seconds
avg solving time (unsat): 0.006 seconds
scheduled behaviors: 20
synchronization steps before optimization: 4
solution

pushB(u8, suspend)
pushB(u1, suspend)
pushB(u0, suspend)
pushB(u7, suspend)
pushB(u6, suspend)
pushB(u5, suspend)
pushB(u4, suspend)
pushB(u3, suspend)
pushB(u2, suspend)
pushB(p, update)
pushB(p, install)
wait(p)
pushB(u8, deploy)
pushB(u1, deploy)
pushB(u0, deploy)
pushB(u7, deploy)
pushB(u6, deploy)
pushB(u5, deploy)
pushB(u4, deploy)
pushB(u3, deploy)
pushB(u2, deploy)
waitAll()

