$ python concerto_scheduling_examples/centraluser_update.py 30

computing maximum schedule
0/58 behaviors scheduled
computing maximum schedule
60/60 behaviors scheduled
optimzing schedule
synthesis completed
total time: 25.070 seconds
SMT solving time: 18.599 seconds
number of call to SMT solver: 12
number of sat problems: 11
number of unsat problems: 1
avg solving time (sat): 1.677 seconds
avg solving time (unsat): 0.153 seconds
scheduled behaviors: 60
synchronization steps before optimization: 4
solution

pushB(u, suspend)
pushB(p2, update)
pushB(p13, update)
pushB(p16, update)
pushB(p23, update)
pushB(p3, update)
pushB(p26, update)
pushB(p8, update)
pushB(p11, update)
pushB(p17, update)
pushB(p27, update)
pushB(p0, update)
pushB(p6, update)
pushB(p14, update)
pushB(p1, update)
pushB(p21, update)
pushB(p19, update)
pushB(p9, update)
pushB(p22, update)
pushB(p24, update)
pushB(p4, update)
pushB(p25, update)
pushB(p18, update)
pushB(p12, update)
pushB(p28, update)
pushB(p7, update)
pushB(p15, update)
pushB(p10, update)
pushB(p5, update)
pushB(p20, update)
pushB(p2, install)
pushB(p24, install)
pushB(p10, install)
pushB(p18, install)
pushB(p26, install)
pushB(p5, install)
pushB(p22, install)
pushB(p13, install)
pushB(p0, install)
pushB(p19, install)
pushB(p8, install)
pushB(p3, install)
pushB(p11, install)
pushB(p27, install)
pushB(p23, install)
pushB(p20, install)
pushB(p6, install)
pushB(p16, install)
pushB(p14, install)
pushB(p1, install)
pushB(p9, install)
pushB(p25, install)
pushB(p21, install)
pushB(p4, install)
pushB(p17, install)
pushB(p12, install)
pushB(p28, install)
pushB(p7, install)
pushB(p15, install)
wait(p20)
wait(p21)
wait(p22)
wait(p1)
wait(p23)
wait(p2)
wait(p24)
wait(p3)
wait(p25)
wait(p4)
wait(p26)
wait(p5)
wait(p27)
wait(p6)
wait(p28)
wait(p7)
wait(p8)
wait(p9)
wait(p10)
wait(p11)
wait(p12)
wait(p13)
wait(p14)
wait(p15)
wait(p16)
wait(p17)
wait(p18)
wait(p0)
wait(p19)
pushB(u, deploy)
waitAll()

