$ python concerto_scheduling_examples/centraluser_deployment.py 100

computing maximum schedule
0/1 behaviors scheduled
computing maximum schedule
100/100 behaviors scheduled
optimzing schedule
synthesis completed
total time: 23.945 seconds
SMT solving time: 3.598 seconds
number of call to SMT solver: 17
number of sat problems: 17
number of unsat problems: 0
avg solving time (sat): 0.212 seconds
scheduled behaviors: 100
synchronization steps before optimization: 2
solution

pushB(p88, install)
pushB(p38, install)
pushB(p48, install)
pushB(p13, install)
pushB(p26, install)
pushB(p60, install)
pushB(p80, install)
pushB(p70, install)
pushB(p47, install)
pushB(p71, install)
pushB(p37, install)
pushB(p14, install)
pushB(p27, install)
pushB(p61, install)
pushB(p81, install)
pushB(p15, install)
pushB(p28, install)
pushB(p62, install)
pushB(p89, install)
pushB(p69, install)
pushB(p16, install)
pushB(p29, install)
pushB(p45, install)
pushB(p63, install)
pushB(p35, install)
pushB(p46, install)
pushB(p36, install)
pushB(p90, install)
pushB(p17, install)
pushB(p30, install)
pushB(p82, install)
pushB(p64, install)
pushB(p83, install)
pushB(p18, install)
pushB(p31, install)
pushB(p68, install)
pushB(p44, install)
pushB(p65, install)
pushB(p67, install)
pushB(p91, install)
pushB(p34, install)
pushB(p19, install)
pushB(p55, install)
pushB(p32, install)
pushB(p97, install)
pushB(p66, install)
pushB(p84, install)
pushB(p2, install)
pushB(p85, install)
pushB(p20, install)
pushB(p33, install)
pushB(p79, install)
pushB(p10, install)
pushB(p11, install)
pushB(p98, install)
pushB(p3, install)
pushB(p42, install)
pushB(p43, install)
pushB(p54, install)
pushB(p92, install)
pushB(p21, install)
pushB(p51, install)
pushB(p4, install)
pushB(p9, install)
pushB(p93, install)
pushB(p75, install)
pushB(p22, install)
pushB(p41, install)
pushB(p56, install)
pushB(p5, install)
pushB(p94, install)
pushB(p74, install)
pushB(p86, install)
pushB(p8, install)
pushB(p77, install)
pushB(p23, install)
pushB(p73, install)
pushB(p57, install)
pushB(p76, install)
pushB(p6, install)
pushB(p53, install)
pushB(p78, install)
pushB(p95, install)
pushB(p0, install)
pushB(p24, install)
pushB(p52, install)
pushB(p72, install)
pushB(p49, install)
pushB(p58, install)
pushB(p39, install)
pushB(p7, install)
pushB(p50, install)
pushB(p40, install)
pushB(p96, install)
pushB(p12, install)
pushB(p87, install)
pushB(p1, install)
pushB(p25, install)
pushB(p59, install)
pushB(u, deploy)
waitAll()

