$ python concerto_scheduling_examples/centralprovider_update.py 100

computing maximum schedule
0/2 behaviors scheduled
computing maximum schedule
200/200 behaviors scheduled
optimzing schedule
synthesis completed
total time: 685.548 seconds
SMT solving time: 541.692 seconds
number of call to SMT solver: 133
number of sat problems: 34
number of unsat problems: 99
avg solving time (sat): 15.649 seconds
avg solving time (unsat): 0.097 seconds
scheduled behaviors: 200
synchronization steps before optimization: 4
solution

pushB(u19, suspend)
pushB(u67, suspend)
pushB(u88, suspend)
pushB(u48, suspend)
pushB(u70, suspend)
pushB(u55, suspend)
pushB(u94, suspend)
pushB(u26, suspend)
pushB(u15, suspend)
pushB(u35, suspend)
pushB(u40, suspend)
pushB(u84, suspend)
pushB(u53, suspend)
pushB(u90, suspend)
pushB(u52, suspend)
pushB(u97, suspend)
pushB(u6, suspend)
pushB(u74, suspend)
pushB(u25, suspend)
pushB(u68, suspend)
pushB(u9, suspend)
pushB(u98, suspend)
pushB(u85, suspend)
pushB(u30, suspend)
pushB(u32, suspend)
pushB(u81, suspend)
pushB(u20, suspend)
pushB(u51, suspend)
pushB(u47, suspend)
pushB(u49, suspend)
pushB(u12, suspend)
pushB(u71, suspend)
pushB(u36, suspend)
pushB(u95, suspend)
pushB(u73, suspend)
pushB(u14, suspend)
pushB(u92, suspend)
pushB(u7, suspend)
pushB(u72, suspend)
pushB(u75, suspend)
pushB(u77, suspend)
pushB(u11, suspend)
pushB(u41, suspend)
pushB(u45, suspend)
pushB(u10, suspend)
pushB(u54, suspend)
pushB(u79, suspend)
pushB(u21, suspend)
pushB(u50, suspend)
pushB(u86, suspend)
pushB(u37, suspend)
pushB(u80, suspend)
pushB(u24, suspend)
pushB(u31, suspend)
pushB(u39, suspend)
pushB(u58, suspend)
pushB(u8, suspend)
pushB(u46, suspend)
pushB(u76, suspend)
pushB(u59, suspend)
pushB(u13, suspend)
pushB(u66, suspend)
pushB(u60, suspend)
pushB(u22, suspend)
pushB(u3, suspend)
pushB(u61, suspend)
pushB(u87, suspend)
pushB(u0, suspend)
pushB(u28, suspend)
pushB(u17, suspend)
pushB(u65, suspend)
pushB(u38, suspend)
pushB(u34, suspend)
pushB(u57, suspend)
pushB(u93, suspend)
pushB(u91, suspend)
pushB(u1, suspend)
pushB(u23, suspend)
pushB(u56, suspend)
pushB(u82, suspend)
pushB(u33, suspend)
pushB(u64, suspend)
pushB(u78, suspend)
pushB(u4, suspend)
pushB(u62, suspend)
pushB(u83, suspend)
pushB(u44, suspend)
pushB(u16, suspend)
pushB(u43, suspend)
pushB(u29, suspend)
pushB(u18, suspend)
pushB(u89, suspend)
pushB(u96, suspend)
pushB(u2, suspend)
pushB(u69, suspend)
pushB(u42, suspend)
pushB(u5, suspend)
pushB(u63, suspend)
pushB(u27, suspend)
pushB(p, update)
pushB(p, install)
wait(p)
pushB(u12, deploy)
pushB(u52, deploy)
pushB(u57, deploy)
pushB(u8, deploy)
pushB(u76, deploy)
pushB(u81, deploy)
pushB(u58, deploy)
pushB(u19, deploy)
pushB(u29, deploy)
pushB(u48, deploy)
pushB(u97, deploy)
pushB(u41, deploy)
pushB(u44, deploy)
pushB(u85, deploy)
pushB(u35, deploy)
pushB(u14, deploy)
pushB(u31, deploy)
pushB(u72, deploy)
pushB(u30, deploy)
pushB(u6, deploy)
pushB(u47, deploy)
pushB(u59, deploy)
pushB(u46, deploy)
pushB(u74, deploy)
pushB(u9, deploy)
pushB(u5, deploy)
pushB(u25, deploy)
pushB(u32, deploy)
pushB(u73, deploy)
pushB(u20, deploy)
pushB(u90, deploy)
pushB(u49, deploy)
pushB(u80, deploy)
pushB(u98, deploy)
pushB(u40, deploy)
pushB(u36, deploy)
pushB(u39, deploy)
pushB(u70, deploy)
pushB(u71, deploy)
pushB(u13, deploy)
pushB(u84, deploy)
pushB(u45, deploy)
pushB(u51, deploy)
pushB(u7, deploy)
pushB(u75, deploy)
pushB(u67, deploy)
pushB(u54, deploy)
pushB(u91, deploy)
pushB(u10, deploy)
pushB(u53, deploy)
pushB(u77, deploy)
pushB(u21, deploy)
pushB(u83, deploy)
pushB(u50, deploy)
pushB(u11, deploy)
pushB(u93, deploy)
pushB(u79, deploy)
pushB(u24, deploy)
pushB(u88, deploy)
pushB(u94, deploy)
pushB(u0, deploy)
pushB(u69, deploy)
pushB(u28, deploy)
pushB(u65, deploy)
pushB(u42, deploy)
pushB(u78, deploy)
pushB(u38, deploy)
pushB(u16, deploy)
pushB(u22, deploy)
pushB(u33, deploy)
pushB(u3, deploy)
pushB(u61, deploy)
pushB(u96, deploy)
pushB(u89, deploy)
pushB(u56, deploy)
pushB(u26, deploy)
pushB(u68, deploy)
pushB(u86, deploy)
pushB(u18, deploy)
pushB(u55, deploy)
pushB(u1, deploy)
pushB(u23, deploy)
pushB(u4, deploy)
pushB(u62, deploy)
pushB(u82, deploy)
pushB(u87, deploy)
pushB(u92, deploy)
pushB(u95, deploy)
pushB(u64, deploy)
pushB(u66, deploy)
pushB(u17, deploy)
pushB(u60, deploy)
pushB(u37, deploy)
pushB(u34, deploy)
pushB(u15, deploy)
pushB(u2, deploy)
pushB(u43, deploy)
pushB(u63, deploy)
pushB(u27, deploy)
waitAll()

