$ python concerto_scheduling_examples/centralprovider_interruption.py 100

computing maximum schedule
199/199 behaviors scheduled
optimzing schedule
synthesis completed
total time: 571.732 seconds
SMT solving time: 514.485 seconds
number of call to SMT solver: 34
number of sat problems: 34
number of unsat problems: 0
avg solving time (sat): 15.132 seconds
scheduled behaviors: 199
synchronization steps before optimization: 3
solution

pushB(u88, suspend)
pushB(u36, suspend)
pushB(u79, suspend)
pushB(u19, suspend)
pushB(u74, suspend)
pushB(u11, suspend)
pushB(u58, suspend)
pushB(u51, suspend)
pushB(u93, suspend)
pushB(u37, suspend)
pushB(u80, suspend)
pushB(u75, suspend)
pushB(u64, suspend)
pushB(u69, suspend)
pushB(u12, suspend)
pushB(u59, suspend)
pushB(u68, suspend)
pushB(u90, suspend)
pushB(u18, suspend)
pushB(u38, suspend)
pushB(u81, suspend)
pushB(u76, suspend)
pushB(u60, suspend)
pushB(u13, suspend)
pushB(u87, suspend)
pushB(u94, suspend)
pushB(u96, suspend)
pushB(u63, suspend)
pushB(u39, suspend)
pushB(u82, suspend)
pushB(u77, suspend)
pushB(u14, suspend)
pushB(u61, suspend)
pushB(u89, suspend)
pushB(u49, suspend)
pushB(u40, suspend)
pushB(u83, suspend)
pushB(u78, suspend)
pushB(u50, suspend)
pushB(u86, suspend)
pushB(u15, suspend)
pushB(u62, suspend)
pushB(u52, suspend)
pushB(u84, suspend)
pushB(u42, suspend)
pushB(u0, suspend)
pushB(u70, suspend)
pushB(u97, suspend)
pushB(u16, suspend)
pushB(u22, suspend)
pushB(u31, suspend)
pushB(u24, suspend)
pushB(u67, suspend)
pushB(u44, suspend)
pushB(u6, suspend)
pushB(u53, suspend)
pushB(u85, suspend)
pushB(u5, suspend)
pushB(u1, suspend)
pushB(u21, suspend)
pushB(u48, suspend)
pushB(u17, suspend)
pushB(u32, suspend)
pushB(u41, suspend)
pushB(u27, suspend)
pushB(u7, suspend)
pushB(u54, suspend)
pushB(u2, suspend)
pushB(u47, suspend)
pushB(u33, suspend)
pushB(u23, suspend)
pushB(u28, suspend)
pushB(u66, suspend)
pushB(u8, suspend)
pushB(u55, suspend)
pushB(u98, suspend)
pushB(u43, suspend)
pushB(u3, suspend)
pushB(u20, suspend)
pushB(u71, suspend)
pushB(u73, suspend)
pushB(u34, suspend)
pushB(u46, suspend)
pushB(u29, suspend)
pushB(u45, suspend)
pushB(u91, suspend)
pushB(u9, suspend)
pushB(u56, suspend)
pushB(u4, suspend)
pushB(u35, suspend)
pushB(u26, suspend)
pushB(u72, suspend)
pushB(u92, suspend)
pushB(u30, suspend)
pushB(u95, suspend)
pushB(u10, suspend)
pushB(u57, suspend)
pushB(u25, suspend)
pushB(u65, suspend)
pushB(u64, stop)
pushB(u36, stop)
pushB(u79, stop)
pushB(u74, stop)
pushB(u51, stop)
pushB(u88, stop)
pushB(u11, stop)
pushB(u58, stop)
pushB(u69, stop)
pushB(u19, stop)
pushB(u90, stop)
pushB(u37, stop)
pushB(u80, stop)
pushB(u50, stop)
pushB(u75, stop)
pushB(u12, stop)
pushB(u59, stop)
pushB(u87, stop)
pushB(u38, stop)
pushB(u81, stop)
pushB(u76, stop)
pushB(u13, stop)
pushB(u60, stop)
pushB(u18, stop)
pushB(u89, stop)
pushB(u39, stop)
pushB(u82, stop)
pushB(u96, stop)
pushB(u48, stop)
pushB(u68, stop)
pushB(u77, stop)
pushB(u14, stop)
pushB(u61, stop)
pushB(u86, stop)
pushB(u49, stop)
pushB(u83, stop)
pushB(u63, stop)
pushB(u78, stop)
pushB(u15, stop)
pushB(u62, stop)
pushB(u17, stop)
pushB(u5, stop)
pushB(u52, stop)
pushB(u84, stop)
pushB(u42, stop)
pushB(u67, stop)
pushB(u0, stop)
pushB(u94, stop)
pushB(u70, stop)
pushB(u16, stop)
pushB(u31, stop)
pushB(u44, stop)
pushB(u97, stop)
pushB(u6, stop)
pushB(u53, stop)
pushB(u85, stop)
pushB(u66, stop)
pushB(u1, stop)
pushB(u32, stop)
pushB(u27, stop)
pushB(u24, stop)
pushB(u7, stop)
pushB(u54, stop)
pushB(u41, stop)
pushB(u2, stop)
pushB(u93, stop)
pushB(u21, stop)
pushB(u92, stop)
pushB(u33, stop)
pushB(u10, stop)
pushB(u28, stop)
pushB(u8, stop)
pushB(u55, stop)
pushB(u98, stop)
pushB(u65, stop)
pushB(u91, stop)
pushB(u3, stop)
pushB(u43, stop)
pushB(u34, stop)
pushB(u23, stop)
pushB(u47, stop)
pushB(u29, stop)
pushB(u72, stop)
pushB(u9, stop)
pushB(u56, stop)
pushB(u25, stop)
pushB(u40, stop)
pushB(u4, stop)
pushB(u20, stop)
pushB(u95, stop)
pushB(u26, stop)
pushB(u35, stop)
pushB(u73, stop)
pushB(u30, stop)
pushB(u71, stop)
pushB(u22, stop)
pushB(u46, stop)
pushB(u45, stop)
pushB(u57, stop)
pushB(p, stop)
waitAll()

