$ python concerto_scheduling_examples/centralprovider_update.py 30

computing maximum schedule
0/2 behaviors scheduled
computing maximum schedule
60/60 behaviors scheduled
optimzing schedule
synthesis completed
total time: 22.986 seconds
SMT solving time: 9.973 seconds
number of call to SMT solver: 40
number of sat problems: 11
number of unsat problems: 29
avg solving time (sat): 0.856 seconds
avg solving time (unsat): 0.019 seconds
scheduled behaviors: 60
synchronization steps before optimization: 4
solution

pushB(u28, suspend)
pushB(u14, suspend)
pushB(u7, suspend)
pushB(u22, suspend)
pushB(u1, suspend)
pushB(u17, suspend)
pushB(u23, suspend)
pushB(u10, suspend)
pushB(u27, suspend)
pushB(u15, suspend)
pushB(u6, suspend)
pushB(u26, suspend)
pushB(u4, suspend)
pushB(u13, suspend)
pushB(u0, suspend)
pushB(u20, suspend)
pushB(u9, suspend)
pushB(u3, suspend)
pushB(u19, suspend)
pushB(u12, suspend)
pushB(u5, suspend)
pushB(u25, suspend)
pushB(u8, suspend)
pushB(u2, suspend)
pushB(u16, suspend)
pushB(u24, suspend)
pushB(u11, suspend)
pushB(u18, suspend)
pushB(u21, suspend)
pushB(p, update)
pushB(p, install)
wait(p)
pushB(u15, deploy)
pushB(u8, deploy)
pushB(u2, deploy)
pushB(u11, deploy)
pushB(u19, deploy)
pushB(u4, deploy)
pushB(u24, deploy)
pushB(u7, deploy)
pushB(u17, deploy)
pushB(u1, deploy)
pushB(u14, deploy)
pushB(u18, deploy)
pushB(u23, deploy)
pushB(u10, deploy)
pushB(u20, deploy)
pushB(u6, deploy)
pushB(u26, deploy)
pushB(u0, deploy)
pushB(u9, deploy)
pushB(u22, deploy)
pushB(u3, deploy)
pushB(u28, deploy)
pushB(u21, deploy)
pushB(u27, deploy)
pushB(u13, deploy)
pushB(u12, deploy)
pushB(u5, deploy)
pushB(u25, deploy)
pushB(u16, deploy)
waitAll()

