$ python concerto_scheduling_examples/centraluser_interruption.py 100

computing maximum schedule
101/101 behaviors scheduled
optimzing schedule
synthesis completed
total time: 162.514 seconds
SMT solving time: 125.513 seconds
number of call to SMT solver: 18
number of sat problems: 18
number of unsat problems: 0
avg solving time (sat): 6.973 seconds
scheduled behaviors: 101
synchronization steps before optimization: 3
solution

pushB(u, suspend)
pushB(u, stop)
wait(u)
pushB(p18, stop)
pushB(p86, stop)
pushB(p52, stop)
pushB(p28, stop)
pushB(p5, stop)
pushB(p67, stop)
pushB(p12, stop)
pushB(p33, stop)
pushB(p94, stop)
pushB(p71, stop)
pushB(p79, stop)
pushB(p77, stop)
pushB(p93, stop)
pushB(p32, stop)
pushB(p53, stop)
pushB(p95, stop)
pushB(p46, stop)
pushB(p6, stop)
pushB(p48, stop)
pushB(p59, stop)
pushB(p23, stop)
pushB(p66, stop)
pushB(p54, stop)
pushB(p22, stop)
pushB(p80, stop)
pushB(p96, stop)
pushB(p49, stop)
pushB(p7, stop)
pushB(p0, stop)
pushB(p56, stop)
pushB(p45, stop)
pushB(p68, stop)
pushB(p17, stop)
pushB(p27, stop)
pushB(p29, stop)
pushB(p98, stop)
pushB(p21, stop)
pushB(p24, stop)
pushB(p1, stop)
pushB(p16, stop)
pushB(p55, stop)
pushB(p88, stop)
pushB(p70, stop)
pushB(p8, stop)
pushB(p97, stop)
pushB(p30, stop)
pushB(p69, stop)
pushB(p15, stop)
pushB(p44, stop)
pushB(p57, stop)
pushB(p78, stop)
pushB(p87, stop)
pushB(p25, stop)
pushB(p60, stop)
pushB(p2, stop)
pushB(p43, stop)
pushB(p34, stop)
pushB(p58, stop)
pushB(p39, stop)
pushB(p41, stop)
pushB(p35, stop)
pushB(p9, stop)
pushB(p81, stop)
pushB(p92, stop)
pushB(p47, stop)
pushB(p20, stop)
pushB(p72, stop)
pushB(p61, stop)
pushB(p19, stop)
pushB(p26, stop)
pushB(p3, stop)
pushB(p65, stop)
pushB(p31, stop)
pushB(p51, stop)
pushB(p85, stop)
pushB(p40, stop)
pushB(p37, stop)
pushB(p10, stop)
pushB(p82, stop)
pushB(p90, stop)
pushB(p63, stop)
pushB(p75, stop)
pushB(p89, stop)
pushB(p76, stop)
pushB(p36, stop)
pushB(p91, stop)
pushB(p50, stop)
pushB(p14, stop)
pushB(p42, stop)
pushB(p84, stop)
pushB(p4, stop)
pushB(p62, stop)
pushB(p64, stop)
pushB(p11, stop)
pushB(p83, stop)
pushB(p74, stop)
pushB(p73, stop)
pushB(p38, stop)
pushB(p13, stop)
wait(p66)
wait(p67)
wait(p68)
wait(p69)
wait(p70)
wait(p71)
wait(p72)
wait(p73)
wait(p74)
wait(p75)
wait(p76)
wait(p77)
wait(p78)
wait(p79)
wait(p80)
wait(p81)
wait(p0)
wait(p82)
wait(p83)
wait(p23)
wait(p84)
wait(p1)
wait(p85)
wait(p86)
wait(p2)
wait(p87)
wait(p3)
wait(p88)
wait(p4)
wait(p5)
wait(p89)
wait(p6)
wait(p90)
wait(p7)
wait(p91)
wait(p8)
wait(p92)
wait(p93)
wait(p9)
wait(p94)
wait(p10)
wait(p95)
wait(p11)
wait(p12)
wait(p96)
wait(p97)
wait(p13)
wait(p98)
wait(p14)
wait(p15)
wait(p16)
wait(p17)
wait(p18)
wait(p19)
wait(p20)
wait(p21)
wait(p22)
wait(p65)
wait(p24)
wait(p25)
wait(p26)
wait(p27)
wait(p28)
wait(p29)
wait(p30)
wait(p31)
wait(p32)
wait(p33)
wait(p34)
wait(p35)
wait(p36)
wait(p37)
wait(p38)
wait(p39)
wait(p40)
wait(p41)
wait(p42)
wait(p43)
wait(p44)
wait(p45)
wait(p46)
wait(p47)
wait(p48)
wait(p49)
wait(p50)
wait(p51)
wait(p52)
wait(p53)
wait(p54)
wait(p55)
wait(p56)
wait(p57)
wait(p58)
wait(p59)
wait(p60)
wait(p61)
wait(p62)
wait(p63)
wait(p64)

