$ python concerto_scheduling_examples/stratified_deployment.py 100

computing maximum schedule
0/1 behaviors scheduled
computing maximum schedule
0/3 behaviors scheduled
computing maximum schedule
0/6 behaviors scheduled
computing maximum schedule
0/9 behaviors scheduled
computing maximum schedule
0/12 behaviors scheduled
computing maximum schedule
0/15 behaviors scheduled
computing maximum schedule
0/18 behaviors scheduled
computing maximum schedule
0/21 behaviors scheduled
computing maximum schedule
0/24 behaviors scheduled
computing maximum schedule
0/27 behaviors scheduled
computing maximum schedule
0/30 behaviors scheduled
computing maximum schedule
0/33 behaviors scheduled
computing maximum schedule
0/36 behaviors scheduled
computing maximum schedule
0/39 behaviors scheduled
computing maximum schedule
0/42 behaviors scheduled
computing maximum schedule
0/45 behaviors scheduled
computing maximum schedule
0/48 behaviors scheduled
computing maximum schedule
0/51 behaviors scheduled
computing maximum schedule
0/54 behaviors scheduled
computing maximum schedule
0/57 behaviors scheduled
computing maximum schedule
0/60 behaviors scheduled
computing maximum schedule
0/63 behaviors scheduled
computing maximum schedule
0/66 behaviors scheduled
computing maximum schedule
0/69 behaviors scheduled
computing maximum schedule
0/72 behaviors scheduled
computing maximum schedule
0/75 behaviors scheduled
computing maximum schedule
0/78 behaviors scheduled
computing maximum schedule
0/81 behaviors scheduled
computing maximum schedule
0/84 behaviors scheduled
computing maximum schedule
0/87 behaviors scheduled
computing maximum schedule
0/90 behaviors scheduled
computing maximum schedule
0/93 behaviors scheduled
computing maximum schedule
0/96 behaviors scheduled
computing maximum schedule
0/99 behaviors scheduled
computing maximum schedule
100/100 behaviors scheduled
optimzing schedule
synthesis completed
total time: 1274.527 seconds
SMT solving time: 1121.403 seconds
number of call to SMT solver: 18
number of sat problems: 18
number of unsat problems: 0
avg solving time (sat): 62.300 seconds
scheduled behaviors: 100
synchronization steps before optimization: 35
solution

pushB(p, install)
pushB(u2, deploy)
pushB(u0, deploy)
pushB(u1, deploy)
pushB(u5, deploy)
pushB(u4, deploy)
pushB(u3, deploy)
pushB(u8, deploy)
pushB(u7, deploy)
pushB(u6, deploy)
pushB(u11, deploy)
pushB(u10, deploy)
pushB(u9, deploy)
pushB(u12, deploy)
pushB(u14, deploy)
pushB(u13, deploy)
pushB(u17, deploy)
pushB(u16, deploy)
pushB(u15, deploy)
pushB(u18, deploy)
pushB(u19, deploy)
pushB(u20, deploy)
pushB(u21, deploy)
pushB(u22, deploy)
pushB(u23, deploy)
pushB(u24, deploy)
pushB(u26, deploy)
pushB(u25, deploy)
pushB(u28, deploy)
pushB(u27, deploy)
pushB(u29, deploy)
pushB(u32, deploy)
pushB(u31, deploy)
pushB(u30, deploy)
pushB(u35, deploy)
pushB(u34, deploy)
pushB(u33, deploy)
pushB(u38, deploy)
pushB(u37, deploy)
pushB(u36, deploy)
pushB(u41, deploy)
pushB(u40, deploy)
pushB(u39, deploy)
pushB(u44, deploy)
pushB(u42, deploy)
pushB(u43, deploy)
pushB(u46, deploy)
pushB(u47, deploy)
pushB(u45, deploy)
pushB(u48, deploy)
pushB(u50, deploy)
pushB(u49, deploy)
pushB(u51, deploy)
pushB(u53, deploy)
pushB(u52, deploy)
pushB(u56, deploy)
pushB(u55, deploy)
pushB(u54, deploy)
pushB(u58, deploy)
pushB(u59, deploy)
pushB(u57, deploy)
pushB(u62, deploy)
pushB(u61, deploy)
pushB(u60, deploy)
pushB(u64, deploy)
pushB(u63, deploy)
pushB(u65, deploy)
pushB(u68, deploy)
pushB(u67, deploy)
pushB(u66, deploy)
pushB(u69, deploy)
pushB(u71, deploy)
pushB(u70, deploy)
pushB(u72, deploy)
pushB(u73, deploy)
pushB(u74, deploy)
pushB(u77, deploy)
pushB(u76, deploy)
pushB(u75, deploy)
pushB(u80, deploy)
pushB(u78, deploy)
pushB(u79, deploy)
pushB(u81, deploy)
pushB(u82, deploy)
pushB(u83, deploy)
pushB(u86, deploy)
pushB(u85, deploy)
pushB(u84, deploy)
pushB(u89, deploy)
pushB(u88, deploy)
pushB(u87, deploy)
pushB(u91, deploy)
pushB(u90, deploy)
pushB(u92, deploy)
pushB(u93, deploy)
pushB(u95, deploy)
pushB(u94, deploy)
pushB(u97, deploy)
pushB(u96, deploy)
pushB(u, deploy)
waitAll()

