$ python concerto_scheduling_examples/stratified_interruption.py 30

computing maximum schedule
59/59 behaviors scheduled
optimzing schedule
synthesis completed
total time: 132.597 seconds
SMT solving time: 108.533 seconds
number of call to SMT solver: 11
number of sat problems: 11
number of unsat problems: 0
avg solving time (sat): 9.867 seconds
scheduled behaviors: 59
synchronization steps before optimization: 23
solution

pushB(u, suspend)
pushB(u, stop)
pushB(u27, suspend)
pushB(u27, stop)
wait(u27)
pushB(u25, suspend)
pushB(u24, suspend)
pushB(u26, suspend)
pushB(u26, stop)
pushB(u25, stop)
pushB(u24, stop)
wait(u24)
wait(u26)
wait(u25)
pushB(u22, suspend)
pushB(u23, suspend)
pushB(u21, suspend)
pushB(u21, stop)
pushB(u22, stop)
pushB(u23, stop)
wait(u22)
wait(u23)
wait(u21)
pushB(u20, suspend)
pushB(u19, suspend)
pushB(u18, suspend)
pushB(u19, stop)
pushB(u18, stop)
pushB(u20, stop)
wait(u18)
wait(u20)
wait(u19)
pushB(u15, suspend)
pushB(u16, suspend)
pushB(u17, suspend)
pushB(u16, stop)
pushB(u17, stop)
pushB(u15, stop)
wait(u16)
wait(u15)
wait(u17)
pushB(u14, suspend)
pushB(u13, suspend)
pushB(u12, suspend)
pushB(u12, stop)
pushB(u14, stop)
pushB(u13, stop)
wait(u14)
wait(u12)
wait(u13)
pushB(u11, suspend)
pushB(u9, suspend)
pushB(u10, suspend)
pushB(u9, stop)
pushB(u10, stop)
pushB(u11, stop)
wait(u9)
wait(u10)
wait(u11)
pushB(u6, suspend)
pushB(u7, suspend)
pushB(u8, suspend)
pushB(u6, stop)
pushB(u7, stop)
pushB(u8, stop)
wait(u7)
wait(u6)
wait(u8)
pushB(u5, suspend)
pushB(u4, suspend)
pushB(u3, suspend)
pushB(u5, stop)
pushB(u4, stop)
pushB(u3, stop)
wait(u3)
wait(u5)
wait(u4)
pushB(u1, suspend)
pushB(u2, suspend)
pushB(u0, suspend)
pushB(u0, stop)
pushB(u1, stop)
pushB(u2, stop)
pushB(p, stop)
waitAll()

